This file contains any messages produced by compilers while
running configure, to aid debugging if configure makes a mistake.

It was created by libxls configure 1.4.0, which was
generated by GNU Autoconf 2.69.  Invocation command line was

  $ ./configure 

## --------- ##
## Platform. ##
## --------- ##

hostname = localhost.localdomain
uname -m = x86_64
uname -r = 3.10.0-693.el7.x86_64
uname -s = Linux
uname -v = #1 SMP Tue Aug 22 21:09:27 UTC 2017

/usr/bin/uname -p = x86_64
/bin/uname -X     = unknown

/bin/arch              = x86_64
/usr/bin/arch -k       = unknown
/usr/convex/getsysinfo = unknown
/usr/bin/hostinfo      = unknown
/bin/machine           = unknown
/usr/bin/oslevel       = unknown
/bin/universe          = unknown

PATH: /usr/lib64/qt-3.3/bin
PATH: /usr/local/sbin
PATH: /usr/local/bin
PATH: /usr/sbin
PATH: /usr/bin
PATH: /usr/local/mysql/bin
PATH: /usr/local/openresty/nginx/sbin
PATH: /usr/local/luarocks/share/lua/5.1
PATH: /root/bin


## ----------- ##
## Core tests. ##
## ----------- ##

configure:2476: checking for a BSD-compatible install
configure:2544: result: /usr/bin/install -c
configure:2555: checking whether build environment is sane
configure:2610: result: yes
configure:2761: checking for a thread-safe mkdir -p
configure:2800: result: /usr/bin/mkdir -p
configure:2807: checking for gawk
configure:2823: found /usr/bin/gawk
configure:2834: result: gawk
configure:2845: checking whether make sets $(MAKE)
configure:2867: result: yes
configure:2896: checking whether make supports nested variables
configure:2913: result: yes
configure:3000: checking build system type
configure:3014: result: x86_64-unknown-linux-gnu
configure:3034: checking host system type
configure:3047: result: x86_64-unknown-linux-gnu
configure:3118: checking how to print strings
configure:3145: result: printf
configure:3178: checking for style of include used by make
configure:3206: result: GNU
configure:3277: checking for gcc
configure:3293: found /usr/bin/gcc
configure:3304: result: gcc
configure:3533: checking for C compiler version
configure:3542: gcc --version >&5
gcc (GCC) 4.8.5 20150623 (Red Hat 4.8.5-36)
Copyright (C) 2015 Free Software Foundation, Inc.
This is free software; see the source for copying conditions.  There is NO
warranty; not even for MERCHANTABILITY or FITNESS FOR A PARTICULAR PURPOSE.

configure:3553: $? = 0
configure:3542: gcc -v >&5
Using built-in specs.
COLLECT_GCC=gcc
COLLECT_LTO_WRAPPER=/usr/libexec/gcc/x86_64-redhat-linux/4.8.5/lto-wrapper
Target: x86_64-redhat-linux
Configured with: ../configure --prefix=/usr --mandir=/usr/share/man --infodir=/usr/share/info --with-bugurl=http://bugzilla.redhat.com/bugzilla --enable-bootstrap --enable-shared --enable-threads=posix --enable-checking=release --with-system-zlib --enable-__cxa_atexit --disable-libunwind-exceptions --enable-gnu-unique-object --enable-linker-build-id --with-linker-hash-style=gnu --enable-languages=c,c++,objc,obj-c++,java,fortran,ada,go,lto --enable-plugin --enable-initfini-array --disable-libgcj --with-isl=/builddir/build/BUILD/gcc-4.8.5-20150702/obj-x86_64-redhat-linux/isl-install --with-cloog=/builddir/build/BUILD/gcc-4.8.5-20150702/obj-x86_64-redhat-linux/cloog-install --enable-gnu-indirect-function --with-tune=generic --with-arch_32=x86-64 --build=x86_64-redhat-linux
Thread model: posix
gcc version 4.8.5 20150623 (Red Hat 4.8.5-36) (GCC) 
configure:3553: $? = 0
configure:3542: gcc -V >&5
gcc: error: unrecognized command line option '-V'
gcc: fatal error: no input files
compilation terminated.
configure:3553: $? = 4
configure:3542: gcc -qversion >&5
gcc: error: unrecognized command line option '-qversion'
gcc: fatal error: no input files
compilation terminated.
configure:3553: $? = 4
configure:3573: checking whether the C compiler works
configure:3595: gcc    conftest.c  >&5
configure:3599: $? = 0
configure:3647: result: yes
configure:3650: checking for C compiler default output file name
configure:3652: result: a.out
configure:3658: checking for suffix of executables
configure:3665: gcc -o conftest    conftest.c  >&5
configure:3669: $? = 0
configure:3691: result: 
configure:3713: checking whether we are cross compiling
configure:3721: gcc -o conftest    conftest.c  >&5
configure:3725: $? = 0
configure:3732: ./conftest
configure:3736: $? = 0
configure:3751: result: no
configure:3756: checking for suffix of object files
configure:3778: gcc -c   conftest.c >&5
configure:3782: $? = 0
configure:3803: result: o
configure:3807: checking whether we are using the GNU C compiler
configure:3826: gcc -c   conftest.c >&5
configure:3826: $? = 0
configure:3835: result: yes
configure:3844: checking whether gcc accepts -g
configure:3864: gcc -c -g  conftest.c >&5
configure:3864: $? = 0
configure:3905: result: yes
configure:3922: checking for gcc option to accept ISO C89
configure:3985: gcc  -c -g -O2  conftest.c >&5
configure:3985: $? = 0
configure:3998: result: none needed
configure:4020: checking dependency style of gcc
configure:4131: result: gcc3
configure:4146: checking for a sed that does not truncate output
configure:4210: result: /usr/bin/sed
configure:4228: checking for grep that handles long lines and -e
configure:4286: result: /usr/bin/grep
configure:4291: checking for egrep
configure:4353: result: /usr/bin/grep -E
configure:4358: checking for fgrep
configure:4420: result: /usr/bin/grep -F
configure:4455: checking for ld used by gcc
configure:4522: result: /usr/bin/ld
configure:4529: checking if the linker (/usr/bin/ld) is GNU ld
configure:4544: result: yes
configure:4556: checking for BSD- or MS-compatible name lister (nm)
configure:4605: result: /usr/bin/nm -B
configure:4735: checking the name lister (/usr/bin/nm -B) interface
configure:4742: gcc -c -g -O2  conftest.c >&5
configure:4745: /usr/bin/nm -B "conftest.o"
configure:4748: output
0000000000000000 B some_variable
configure:4755: result: BSD nm
configure:4758: checking whether ln -s works
configure:4762: result: yes
configure:4770: checking the maximum length of command line arguments
configure:4895: result: 1572864
configure:4912: checking whether the shell understands some XSI constructs
configure:4922: result: yes
configure:4926: checking whether the shell understands "+="
configure:4932: result: yes
configure:4967: checking for /usr/bin/ld option to reload object files
configure:4974: result: -r
configure:5043: checking for objdump
configure:5059: found /usr/bin/objdump
configure:5070: result: objdump
configure:5102: checking how to recognize dependent libraries
configure:5304: result: pass_all
configure:5364: checking for ar
configure:5380: found /usr/bin/ar
configure:5391: result: ar
configure:5469: checking for strip
configure:5485: found /usr/bin/strip
configure:5496: result: strip
configure:5568: checking for ranlib
configure:5584: found /usr/bin/ranlib
configure:5595: result: ranlib
configure:5697: checking command to parse /usr/bin/nm -B output from gcc object
configure:5815: gcc -c -g -O2  conftest.c >&5
configure:5818: $? = 0
configure:5822: /usr/bin/nm -B conftest.o \| sed -n -e 's/^.*[ ]\([ABCDGIRSTW][ABCDGIRSTW]*\)[ ][ ]*\([_A-Za-z][_A-Za-z0-9]*\)$/\1 \2 \2/p' \> conftest.nm
configure:5825: $? = 0
configure:5879: gcc -o conftest -g -O2   conftest.c conftstm.o >&5
configure:5882: $? = 0
configure:5920: result: ok
configure:6016: gcc -c -g -O2  conftest.c >&5
configure:6019: $? = 0
configure:6761: checking how to run the C preprocessor
configure:6792: gcc -E  conftest.c
configure:6792: $? = 0
configure:6806: gcc -E  conftest.c
conftest.c:14:28: fatal error: ac_nonexistent.h: No such file or directory
 #include <ac_nonexistent.h>
                            ^
compilation terminated.
configure:6806: $? = 1
configure: failed program was:
| /* confdefs.h */
| #define PACKAGE_NAME "libxls"
| #define PACKAGE_TARNAME "libxls"
| #define PACKAGE_VERSION "1.4.0"
| #define PACKAGE_STRING "libxls 1.4.0"
| #define PACKAGE_BUGREPORT "dhoerl@users.sourceforge.net"
| #define PACKAGE_URL ""
| #define LIBXLS_MAJOR_VERSION 1
| #define LIBXLS_MINOR_VERSION 2
| #define LIBXLS_MICRO_VERSION 1
| #define PACKAGE "libxls"
| #define VERSION "1.2.1"
| /* end confdefs.h.  */
| #include <ac_nonexistent.h>
configure:6831: result: gcc -E
configure:6851: gcc -E  conftest.c
configure:6851: $? = 0
configure:6865: gcc -E  conftest.c
conftest.c:14:28: fatal error: ac_nonexistent.h: No such file or directory
 #include <ac_nonexistent.h>
                            ^
compilation terminated.
configure:6865: $? = 1
configure: failed program was:
| /* confdefs.h */
| #define PACKAGE_NAME "libxls"
| #define PACKAGE_TARNAME "libxls"
| #define PACKAGE_VERSION "1.4.0"
| #define PACKAGE_STRING "libxls 1.4.0"
| #define PACKAGE_BUGREPORT "dhoerl@users.sourceforge.net"
| #define PACKAGE_URL ""
| #define LIBXLS_MAJOR_VERSION 1
| #define LIBXLS_MINOR_VERSION 2
| #define LIBXLS_MICRO_VERSION 1
| #define PACKAGE "libxls"
| #define VERSION "1.2.1"
| /* end confdefs.h.  */
| #include <ac_nonexistent.h>
configure:6894: checking for ANSI C header files
configure:6914: gcc -c -g -O2  conftest.c >&5
configure:6914: $? = 0
configure:6987: gcc -o conftest -g -O2   conftest.c  >&5
configure:6987: $? = 0
configure:6987: ./conftest
configure:6987: $? = 0
configure:6998: result: yes
configure:7011: checking for sys/types.h
configure:7011: gcc -c -g -O2  conftest.c >&5
configure:7011: $? = 0
configure:7011: result: yes
configure:7011: checking for sys/stat.h
configure:7011: gcc -c -g -O2  conftest.c >&5
configure:7011: $? = 0
configure:7011: result: yes
configure:7011: checking for stdlib.h
configure:7011: gcc -c -g -O2  conftest.c >&5
configure:7011: $? = 0
configure:7011: result: yes
configure:7011: checking for string.h
configure:7011: gcc -c -g -O2  conftest.c >&5
configure:7011: $? = 0
configure:7011: result: yes
configure:7011: checking for memory.h
configure:7011: gcc -c -g -O2  conftest.c >&5
configure:7011: $? = 0
configure:7011: result: yes
configure:7011: checking for strings.h
configure:7011: gcc -c -g -O2  conftest.c >&5
configure:7011: $? = 0
configure:7011: result: yes
configure:7011: checking for inttypes.h
configure:7011: gcc -c -g -O2  conftest.c >&5
configure:7011: $? = 0
configure:7011: result: yes
configure:7011: checking for stdint.h
configure:7011: gcc -c -g -O2  conftest.c >&5
configure:7011: $? = 0
configure:7011: result: yes
configure:7011: checking for unistd.h
configure:7011: gcc -c -g -O2  conftest.c >&5
configure:7011: $? = 0
configure:7011: result: yes
configure:7025: checking for dlfcn.h
configure:7025: gcc -c -g -O2  conftest.c >&5
configure:7025: $? = 0
configure:7025: result: yes
configure:7212: checking for objdir
configure:7227: result: .libs
configure:7498: checking if gcc supports -fno-rtti -fno-exceptions
configure:7516: gcc -c -g -O2  -fno-rtti -fno-exceptions conftest.c >&5
cc1: warning: command line option '-fno-rtti' is valid for C++/ObjC++ but not for C [enabled by default]
configure:7520: $? = 0
configure:7533: result: no
configure:7553: checking for gcc option to produce PIC
configure:7838: result: -fPIC -DPIC
configure:7850: checking if gcc PIC flag -fPIC -DPIC works
configure:7868: gcc -c -g -O2  -fPIC -DPIC -DPIC conftest.c >&5
configure:7872: $? = 0
configure:7885: result: yes
configure:7909: checking if gcc static flag -static works
configure:7937: result: no
configure:7952: checking if gcc supports -c -o file.o
configure:7973: gcc -c -g -O2  -o out/conftest2.o conftest.c >&5
configure:7977: $? = 0
configure:7999: result: yes
configure:8007: checking if gcc supports -c -o file.o
configure:8054: result: yes
configure:8087: checking whether the gcc linker (/usr/bin/ld -m elf_x86_64) supports shared libraries
configure:9162: result: yes
configure:9199: checking whether -lc should be explicitly linked in
configure:9207: gcc -c -g -O2  conftest.c >&5
configure:9210: $? = 0
configure:9225: gcc -shared conftest.o  -v -Wl,-soname -Wl,conftest -o conftest 2\>\&1 \| /usr/bin/grep  -lc  \>/dev/null 2\>\&1
configure:9228: $? = 0
configure:9242: result: no
configure:9407: checking dynamic linker characteristics
configure:9862: gcc -o conftest -g -O2   -Wl,-rpath -Wl,/foo conftest.c  >&5
configure:9862: $? = 0
configure:10084: result: GNU/Linux ld.so
configure:10191: checking how to hardcode library paths into programs
configure:10216: result: immediate
configure:10756: checking whether stripping libraries is possible
configure:10761: result: yes
configure:10796: checking if libtool supports shared libraries
configure:10798: result: yes
configure:10801: checking whether to build shared libraries
configure:10822: result: yes
configure:10825: checking whether to build static libraries
configure:10829: result: yes
configure:10913: checking for gcc
configure:10940: result: gcc
configure:11169: checking for C compiler version
configure:11178: gcc --version >&5
gcc (GCC) 4.8.5 20150623 (Red Hat 4.8.5-36)
Copyright (C) 2015 Free Software Foundation, Inc.
This is free software; see the source for copying conditions.  There is NO
warranty; not even for MERCHANTABILITY or FITNESS FOR A PARTICULAR PURPOSE.

configure:11189: $? = 0
configure:11178: gcc -v >&5
Using built-in specs.
COLLECT_GCC=gcc
COLLECT_LTO_WRAPPER=/usr/libexec/gcc/x86_64-redhat-linux/4.8.5/lto-wrapper
Target: x86_64-redhat-linux
Configured with: ../configure --prefix=/usr --mandir=/usr/share/man --infodir=/usr/share/info --with-bugurl=http://bugzilla.redhat.com/bugzilla --enable-bootstrap --enable-shared --enable-threads=posix --enable-checking=release --with-system-zlib --enable-__cxa_atexit --disable-libunwind-exceptions --enable-gnu-unique-object --enable-linker-build-id --with-linker-hash-style=gnu --enable-languages=c,c++,objc,obj-c++,java,fortran,ada,go,lto --enable-plugin --enable-initfini-array --disable-libgcj --with-isl=/builddir/build/BUILD/gcc-4.8.5-20150702/obj-x86_64-redhat-linux/isl-install --with-cloog=/builddir/build/BUILD/gcc-4.8.5-20150702/obj-x86_64-redhat-linux/cloog-install --enable-gnu-indirect-function --with-tune=generic --with-arch_32=x86-64 --build=x86_64-redhat-linux
Thread model: posix
gcc version 4.8.5 20150623 (Red Hat 4.8.5-36) (GCC) 
configure:11189: $? = 0
configure:11178: gcc -V >&5
gcc: error: unrecognized command line option '-V'
gcc: fatal error: no input files
compilation terminated.
configure:11189: $? = 4
configure:11178: gcc -qversion >&5
gcc: error: unrecognized command line option '-qversion'
gcc: fatal error: no input files
compilation terminated.
configure:11189: $? = 4
configure:11193: checking whether we are using the GNU C compiler
configure:11221: result: yes
configure:11230: checking whether gcc accepts -g
configure:11291: result: yes
configure:11308: checking for gcc option to accept ISO C89
configure:11384: result: none needed
configure:11406: checking dependency style of gcc
configure:11517: result: gcc3
configure:11532: checking for gcc option to accept ISO C99
configure:11681: gcc  -c -g -O2  conftest.c >&5
conftest.c:76:29: error: expected ';', ',' or ')' before 'text'
 test_restrict (ccp restrict text)
                             ^
conftest.c: In function 'main':
conftest.c:130:18: error: expected '=', ',', ';', 'asm' or '__attribute__' before 'newvar'
   char *restrict newvar = "Another string";
                  ^
conftest.c:130:18: error: 'newvar' undeclared (first use in this function)
conftest.c:130:18: note: each undeclared identifier is reported only once for each function it appears in
conftest.c:140:3: error: 'for' loop initial declarations are only allowed in C99 mode
   for (int i = 0; i < ia->datasize; ++i)
   ^
conftest.c:140:3: note: use option -std=c99 or -std=gnu99 to compile your code
configure:11681: $? = 1
configure: failed program was:
| /* confdefs.h */
| #define PACKAGE_NAME "libxls"
| #define PACKAGE_TARNAME "libxls"
| #define PACKAGE_VERSION "1.4.0"
| #define PACKAGE_STRING "libxls 1.4.0"
| #define PACKAGE_BUGREPORT "dhoerl@users.sourceforge.net"
| #define PACKAGE_URL ""
| #define LIBXLS_MAJOR_VERSION 1
| #define LIBXLS_MINOR_VERSION 2
| #define LIBXLS_MICRO_VERSION 1
| #define PACKAGE "libxls"
| #define VERSION "1.2.1"
| #define STDC_HEADERS 1
| #define HAVE_SYS_TYPES_H 1
| #define HAVE_SYS_STAT_H 1
| #define HAVE_STDLIB_H 1
| #define HAVE_STRING_H 1
| #define HAVE_MEMORY_H 1
| #define HAVE_STRINGS_H 1
| #define HAVE_INTTYPES_H 1
| #define HAVE_STDINT_H 1
| #define HAVE_UNISTD_H 1
| #define HAVE_DLFCN_H 1
| #define LT_OBJDIR ".libs/"
| /* end confdefs.h.  */
| #include <stdarg.h>
| #include <stdbool.h>
| #include <stdlib.h>
| #include <wchar.h>
| #include <stdio.h>
| 
| // Check varargs macros.  These examples are taken from C99 6.10.3.5.
| #define debug(...) fprintf (stderr, __VA_ARGS__)
| #define showlist(...) puts (#__VA_ARGS__)
| #define report(test,...) ((test) ? puts (#test) : printf (__VA_ARGS__))
| static void
| test_varargs_macros (void)
| {
|   int x = 1234;
|   int y = 5678;
|   debug ("Flag");
|   debug ("X = %d\n", x);
|   showlist (The first, second, and third items.);
|   report (x>y, "x is %d but y is %d", x, y);
| }
| 
| // Check long long types.
| #define BIG64 18446744073709551615ull
| #define BIG32 4294967295ul
| #define BIG_OK (BIG64 / BIG32 == 4294967297ull && BIG64 % BIG32 == 0)
| #if !BIG_OK
|   your preprocessor is broken;
| #endif
| #if BIG_OK
| #else
|   your preprocessor is broken;
| #endif
| static long long int bignum = -9223372036854775807LL;
| static unsigned long long int ubignum = BIG64;
| 
| struct incomplete_array
| {
|   int datasize;
|   double data[];
| };
| 
| struct named_init {
|   int number;
|   const wchar_t *name;
|   double average;
| };
| 
| typedef const char *ccp;
| 
| static inline int
| test_restrict (ccp restrict text)
| {
|   // See if C++-style comments work.
|   // Iterate through items via the restricted pointer.
|   // Also check for declarations in for loops.
|   for (unsigned int i = 0; *(text+i) != '\0'; ++i)
|     continue;
|   return 0;
| }
| 
| // Check varargs and va_copy.
| static void
| test_varargs (const char *format, ...)
| {
|   va_list args;
|   va_start (args, format);
|   va_list args_copy;
|   va_copy (args_copy, args);
| 
|   const char *str;
|   int number;
|   float fnumber;
| 
|   while (*format)
|     {
|       switch (*format++)
| 	{
| 	case 's': // string
| 	  str = va_arg (args_copy, const char *);
| 	  break;
| 	case 'd': // int
| 	  number = va_arg (args_copy, int);
| 	  break;
| 	case 'f': // float
| 	  fnumber = va_arg (args_copy, double);
| 	  break;
| 	default:
| 	  break;
| 	}
|     }
|   va_end (args_copy);
|   va_end (args);
| }
| 
| int
| main ()
| {
| 
|   // Check bool.
|   _Bool success = false;
| 
|   // Check restrict.
|   if (test_restrict ("String literal") == 0)
|     success = true;
|   char *restrict newvar = "Another string";
| 
|   // Check varargs.
|   test_varargs ("s, d' f .", "string", 65, 34.234);
|   test_varargs_macros ();
| 
|   // Check flexible array members.
|   struct incomplete_array *ia =
|     malloc (sizeof (struct incomplete_array) + (sizeof (double) * 10));
|   ia->datasize = 10;
|   for (int i = 0; i < ia->datasize; ++i)
|     ia->data[i] = i * 1.234;
| 
|   // Check named initializers.
|   struct named_init ni = {
|     .number = 34,
|     .name = L"Test wide string",
|     .average = 543.34343,
|   };
| 
|   ni.number = 58;
| 
|   int dynamic_array[ni.number];
|   dynamic_array[ni.number - 1] = 543;
| 
|   // work around unused variable warnings
|   return (!success || bignum == 0LL || ubignum == 0uLL || newvar[0] == 'x'
| 	  || dynamic_array[ni.number - 1] != 543);
| 
|   ;
|   return 0;
| }
configure:11681: gcc -std=gnu99 -c -g -O2  conftest.c >&5
configure:11681: $? = 0
configure:11701: result: -std=gnu99
configure:11767: checking for g++
configure:11783: found /usr/bin/g++
configure:11794: result: g++
configure:11821: checking for C++ compiler version
configure:11830: g++ --version >&5
g++ (GCC) 4.8.5 20150623 (Red Hat 4.8.5-36)
Copyright (C) 2015 Free Software Foundation, Inc.
This is free software; see the source for copying conditions.  There is NO
warranty; not even for MERCHANTABILITY or FITNESS FOR A PARTICULAR PURPOSE.

configure:11841: $? = 0
configure:11830: g++ -v >&5
Using built-in specs.
COLLECT_GCC=g++
COLLECT_LTO_WRAPPER=/usr/libexec/gcc/x86_64-redhat-linux/4.8.5/lto-wrapper
Target: x86_64-redhat-linux
Configured with: ../configure --prefix=/usr --mandir=/usr/share/man --infodir=/usr/share/info --with-bugurl=http://bugzilla.redhat.com/bugzilla --enable-bootstrap --enable-shared --enable-threads=posix --enable-checking=release --with-system-zlib --enable-__cxa_atexit --disable-libunwind-exceptions --enable-gnu-unique-object --enable-linker-build-id --with-linker-hash-style=gnu --enable-languages=c,c++,objc,obj-c++,java,fortran,ada,go,lto --enable-plugin --enable-initfini-array --disable-libgcj --with-isl=/builddir/build/BUILD/gcc-4.8.5-20150702/obj-x86_64-redhat-linux/isl-install --with-cloog=/builddir/build/BUILD/gcc-4.8.5-20150702/obj-x86_64-redhat-linux/cloog-install --enable-gnu-indirect-function --with-tune=generic --with-arch_32=x86-64 --build=x86_64-redhat-linux
Thread model: posix
gcc version 4.8.5 20150623 (Red Hat 4.8.5-36) (GCC) 
configure:11841: $? = 0
configure:11830: g++ -V >&5
g++: error: unrecognized command line option '-V'
g++: fatal error: no input files
compilation terminated.
configure:11841: $? = 4
configure:11830: g++ -qversion >&5
g++: error: unrecognized command line option '-qversion'
g++: fatal error: no input files
compilation terminated.
configure:11841: $? = 4
configure:11845: checking whether we are using the GNU C++ compiler
configure:11864: g++ -c   conftest.cpp >&5
configure:11864: $? = 0
configure:11873: result: yes
configure:11882: checking whether g++ accepts -g
configure:11902: g++ -c -g  conftest.cpp >&5
configure:11902: $? = 0
configure:11943: result: yes
configure:11968: checking dependency style of g++
configure:12079: result: gcc3
configure:12102: checking how to run the C++ preprocessor
configure:12129: g++ -E  conftest.cpp
configure:12129: $? = 0
configure:12143: g++ -E  conftest.cpp
conftest.cpp:26:28: fatal error: ac_nonexistent.h: No such file or directory
 #include <ac_nonexistent.h>
                            ^
compilation terminated.
configure:12143: $? = 1
configure: failed program was:
| /* confdefs.h */
| #define PACKAGE_NAME "libxls"
| #define PACKAGE_TARNAME "libxls"
| #define PACKAGE_VERSION "1.4.0"
| #define PACKAGE_STRING "libxls 1.4.0"
| #define PACKAGE_BUGREPORT "dhoerl@users.sourceforge.net"
| #define PACKAGE_URL ""
| #define LIBXLS_MAJOR_VERSION 1
| #define LIBXLS_MINOR_VERSION 2
| #define LIBXLS_MICRO_VERSION 1
| #define PACKAGE "libxls"
| #define VERSION "1.2.1"
| #define STDC_HEADERS 1
| #define HAVE_SYS_TYPES_H 1
| #define HAVE_SYS_STAT_H 1
| #define HAVE_STDLIB_H 1
| #define HAVE_STRING_H 1
| #define HAVE_MEMORY_H 1
| #define HAVE_STRINGS_H 1
| #define HAVE_INTTYPES_H 1
| #define HAVE_STDINT_H 1
| #define HAVE_UNISTD_H 1
| #define HAVE_DLFCN_H 1
| #define LT_OBJDIR ".libs/"
| /* end confdefs.h.  */
| #include <ac_nonexistent.h>
configure:12168: result: g++ -E
configure:12188: g++ -E  conftest.cpp
configure:12188: $? = 0
configure:12202: g++ -E  conftest.cpp
conftest.cpp:26:28: fatal error: ac_nonexistent.h: No such file or directory
 #include <ac_nonexistent.h>
                            ^
compilation terminated.
configure:12202: $? = 1
configure: failed program was:
| /* confdefs.h */
| #define PACKAGE_NAME "libxls"
| #define PACKAGE_TARNAME "libxls"
| #define PACKAGE_VERSION "1.4.0"
| #define PACKAGE_STRING "libxls 1.4.0"
| #define PACKAGE_BUGREPORT "dhoerl@users.sourceforge.net"
| #define PACKAGE_URL ""
| #define LIBXLS_MAJOR_VERSION 1
| #define LIBXLS_MINOR_VERSION 2
| #define LIBXLS_MICRO_VERSION 1
| #define PACKAGE "libxls"
| #define VERSION "1.2.1"
| #define STDC_HEADERS 1
| #define HAVE_SYS_TYPES_H 1
| #define HAVE_SYS_STAT_H 1
| #define HAVE_STDLIB_H 1
| #define HAVE_STRING_H 1
| #define HAVE_MEMORY_H 1
| #define HAVE_STRINGS_H 1
| #define HAVE_INTTYPES_H 1
| #define HAVE_STDINT_H 1
| #define HAVE_UNISTD_H 1
| #define HAVE_DLFCN_H 1
| #define LT_OBJDIR ".libs/"
| /* end confdefs.h.  */
| #include <ac_nonexistent.h>
configure:12370: checking for ld used by g++
configure:12437: result: /usr/bin/ld -m elf_x86_64
configure:12444: checking if the linker (/usr/bin/ld -m elf_x86_64) is GNU ld
configure:12459: result: yes
configure:12514: checking whether the g++ linker (/usr/bin/ld -m elf_x86_64) supports shared libraries
configure:13446: result: yes
configure:13474: g++ -c -g -O2  conftest.cpp >&5
configure:13477: $? = 0
configure:13659: checking for g++ option to produce PIC
configure:13981: result: -fPIC -DPIC
configure:13990: checking if g++ PIC flag -fPIC -DPIC works
configure:14008: g++ -c -g -O2  -fPIC -DPIC -DPIC conftest.cpp >&5
configure:14012: $? = 0
configure:14025: result: yes
configure:14046: checking if g++ static flag -static works
configure:14074: result: no
configure:14086: checking if g++ supports -c -o file.o
configure:14107: g++ -c -g -O2  -o out/conftest2.o conftest.cpp >&5
configure:14111: $? = 0
configure:14133: result: yes
configure:14138: checking if g++ supports -c -o file.o
configure:14185: result: yes
configure:14215: checking whether the g++ linker (/usr/bin/ld -m elf_x86_64) supports shared libraries
configure:14243: result: yes
configure:14386: checking dynamic linker characteristics
configure:14997: result: GNU/Linux ld.so
configure:15050: checking how to hardcode library paths into programs
configure:15075: result: immediate
configure:15119: checking for pkg-config
configure:15137: found /usr/bin/pkg-config
configure:15150: result: /usr/bin/pkg-config
configure:15163: checking for pow
configure:15163: gcc -std=gnu99 -o conftest -g -O2   conftest.c  >&5
conftest.c:49:6: warning: conflicting types for built-in function 'pow' [enabled by default]
 char pow ();
      ^
/tmp/cc1wydr8.o: In function `main':
/home/xiang/project/xlsx2/libxls/conftest.c:60: undefined reference to `pow'
collect2: error: ld returned 1 exit status
configure:15163: $? = 1
configure: failed program was:
| /* confdefs.h */
| #define PACKAGE_NAME "libxls"
| #define PACKAGE_TARNAME "libxls"
| #define PACKAGE_VERSION "1.4.0"
| #define PACKAGE_STRING "libxls 1.4.0"
| #define PACKAGE_BUGREPORT "dhoerl@users.sourceforge.net"
| #define PACKAGE_URL ""
| #define LIBXLS_MAJOR_VERSION 1
| #define LIBXLS_MINOR_VERSION 2
| #define LIBXLS_MICRO_VERSION 1
| #define PACKAGE "libxls"
| #define VERSION "1.2.1"
| #define STDC_HEADERS 1
| #define HAVE_SYS_TYPES_H 1
| #define HAVE_SYS_STAT_H 1
| #define HAVE_STDLIB_H 1
| #define HAVE_STRING_H 1
| #define HAVE_MEMORY_H 1
| #define HAVE_STRINGS_H 1
| #define HAVE_INTTYPES_H 1
| #define HAVE_STDINT_H 1
| #define HAVE_UNISTD_H 1
| #define HAVE_DLFCN_H 1
| #define LT_OBJDIR ".libs/"
| /* end confdefs.h.  */
| /* Define pow to an innocuous variant, in case <limits.h> declares pow.
|    For example, HP-UX 11i <limits.h> declares gettimeofday.  */
| #define pow innocuous_pow
| 
| /* System header to define __stub macros and hopefully few prototypes,
|     which can conflict with char pow (); below.
|     Prefer <limits.h> to <assert.h> if __STDC__ is defined, since
|     <limits.h> exists even on freestanding compilers.  */
| 
| #ifdef __STDC__
| # include <limits.h>
| #else
| # include <assert.h>
| #endif
| 
| #undef pow
| 
| /* Override any GCC internal prototype to avoid an error.
|    Use char because int might match the return type of a GCC
|    builtin and then its argument prototype would still apply.  */
| #ifdef __cplusplus
| extern "C"
| #endif
| char pow ();
| /* The GNU C library defines this for functions which it implements
|     to always fail with ENOSYS.  Some functions are actually named
|     something starting with __ and the normal name is an alias.  */
| #if defined __stub_pow || defined __stub___pow
| choke me
| #endif
| 
| int
| main ()
| {
| return pow ();
|   ;
|   return 0;
| }
configure:15163: result: no
configure:15174: checking for strdup
configure:15174: gcc -std=gnu99 -o conftest -g -O2   conftest.c  >&5
conftest.c:49:6: warning: conflicting types for built-in function 'strdup' [enabled by default]
 char strdup ();
      ^
configure:15174: $? = 0
configure:15174: result: yes
configure:15185: checking for asprintf
configure:15185: gcc -std=gnu99 -o conftest -g -O2   conftest.c  >&5
configure:15185: $? = 0
configure:15185: result: yes
configure:15196: checking wchar.h usability
configure:15196: gcc -std=gnu99 -c -g -O2  conftest.c >&5
configure:15196: $? = 0
configure:15196: result: yes
configure:15196: checking wchar.h presence
configure:15196: gcc -E  conftest.c
configure:15196: $? = 0
configure:15196: result: yes
configure:15196: checking for wchar.h
configure:15196: result: yes
configure:15206: checking for an ANSI C-conforming const
configure:15272: gcc -std=gnu99 -c -g -O2  conftest.c >&5
configure:15272: $? = 0
configure:15279: result: yes
configure:15289: checking for stdlib.h
configure:15289: result: yes
configure:15299: checking for GNU libc compatible malloc
configure:15323: gcc -std=gnu99 -o conftest -g -O2   conftest.c  >&5
configure:15323: $? = 0
configure:15323: ./conftest
configure:15323: $? = 0
configure:15333: result: yes
configure:15356: checking for stdlib.h
configure:15356: result: yes
configure:15366: checking for GNU libc compatible realloc
configure:15390: gcc -std=gnu99 -o conftest -g -O2   conftest.c  >&5
configure:15390: $? = 0
configure:15390: ./conftest
configure:15390: $? = 0
configure:15400: result: yes
configure:15422: checking for size_t
configure:15422: gcc -std=gnu99 -c -g -O2  conftest.c >&5
configure:15422: $? = 0
configure:15422: gcc -std=gnu99 -c -g -O2  conftest.c >&5
conftest.c: In function 'main':
conftest.c:69:21: error: expected expression before ')' token
 if (sizeof ((size_t)))
                     ^
configure:15422: $? = 1
configure: failed program was:
| /* confdefs.h */
| #define PACKAGE_NAME "libxls"
| #define PACKAGE_TARNAME "libxls"
| #define PACKAGE_VERSION "1.4.0"
| #define PACKAGE_STRING "libxls 1.4.0"
| #define PACKAGE_BUGREPORT "dhoerl@users.sourceforge.net"
| #define PACKAGE_URL ""
| #define LIBXLS_MAJOR_VERSION 1
| #define LIBXLS_MINOR_VERSION 2
| #define LIBXLS_MICRO_VERSION 1
| #define PACKAGE "libxls"
| #define VERSION "1.2.1"
| #define STDC_HEADERS 1
| #define HAVE_SYS_TYPES_H 1
| #define HAVE_SYS_STAT_H 1
| #define HAVE_STDLIB_H 1
| #define HAVE_STRING_H 1
| #define HAVE_MEMORY_H 1
| #define HAVE_STRINGS_H 1
| #define HAVE_INTTYPES_H 1
| #define HAVE_STDINT_H 1
| #define HAVE_UNISTD_H 1
| #define HAVE_DLFCN_H 1
| #define LT_OBJDIR ".libs/"
| #define HAVE_STRDUP 1
| #define HAVE_ASPRINTF 1
| #define HAVE_WCHAR_H 1
| #define HAVE_STDLIB_H 1
| #define HAVE_MALLOC 1
| #define HAVE_STDLIB_H 1
| #define HAVE_REALLOC 1
| /* end confdefs.h.  */
| #include <stdio.h>
| #ifdef HAVE_SYS_TYPES_H
| # include <sys/types.h>
| #endif
| #ifdef HAVE_SYS_STAT_H
| # include <sys/stat.h>
| #endif
| #ifdef STDC_HEADERS
| # include <stdlib.h>
| # include <stddef.h>
| #else
| # ifdef HAVE_STDLIB_H
| #  include <stdlib.h>
| # endif
| #endif
| #ifdef HAVE_STRING_H
| # if !defined STDC_HEADERS && defined HAVE_MEMORY_H
| #  include <memory.h>
| # endif
| # include <string.h>
| #endif
| #ifdef HAVE_STRINGS_H
| # include <strings.h>
| #endif
| #ifdef HAVE_INTTYPES_H
| # include <inttypes.h>
| #endif
| #ifdef HAVE_STDINT_H
| # include <stdint.h>
| #endif
| #ifdef HAVE_UNISTD_H
| # include <unistd.h>
| #endif
| int
| main ()
| {
| if (sizeof ((size_t)))
| 	    return 0;
|   ;
|   return 0;
| }
configure:15422: result: yes
configure:15457: checking iconv.h usability
configure:15457: gcc -std=gnu99 -c -g -O2  conftest.c >&5
configure:15457: $? = 0
configure:15457: result: yes
configure:15457: checking iconv.h presence
configure:15457: gcc -E  conftest.c
configure:15457: $? = 0
configure:15457: result: yes
configure:15457: checking for iconv.h
configure:15457: result: yes
configure:15459: checking for iconv
configure:15475: gcc -std=gnu99 -o conftest -g -O2   conftest.c  >&5
configure:15475: $? = 0
configure:15477: result: yes
configure:15654: checking that generated files are newer than configure
configure:15660: result: done
configure:15691: creating ./config.status

## ---------------------- ##
## Running config.status. ##
## ---------------------- ##

This file was extended by libxls config.status 1.4.0, which was
generated by GNU Autoconf 2.69.  Invocation command line was

  CONFIG_FILES    = 
  CONFIG_HEADERS  = 
  CONFIG_LINKS    = 
  CONFIG_COMMANDS = 
  $ ./config.status 

on localhost.localdomain

config.status:1155: creating Makefile
config.status:1155: creating include/Makefile
config.status:1155: creating include/libxls/Makefile
config.status:1155: creating src/Makefile
config.status:1155: creating test/Makefile
config.status:1155: creating config.h
config.status:1336: config.h is unchanged
config.status:1384: executing depfiles commands
config.status:1384: executing libtool commands
configure:18184: ---
configure:18186: catdoc users: avoid xls2csv conflicts, use ./configure --program-prefix=lib to get libxls2csv
configure:18188: ---

## ---------------- ##
## Cache variables. ##
## ---------------- ##

ac_cv_build=x86_64-unknown-linux-gnu
ac_cv_c_compiler_gnu=yes
ac_cv_c_const=yes
ac_cv_cxx_compiler_gnu=yes
ac_cv_env_CCC_set=
ac_cv_env_CCC_value=
ac_cv_env_CC_set=
ac_cv_env_CC_value=
ac_cv_env_CFLAGS_set=
ac_cv_env_CFLAGS_value=
ac_cv_env_CPPFLAGS_set=
ac_cv_env_CPPFLAGS_value=
ac_cv_env_CPP_set=
ac_cv_env_CPP_value=
ac_cv_env_CXXCPP_set=
ac_cv_env_CXXCPP_value=
ac_cv_env_CXXFLAGS_set=
ac_cv_env_CXXFLAGS_value=
ac_cv_env_CXX_set=
ac_cv_env_CXX_value=
ac_cv_env_LDFLAGS_set=
ac_cv_env_LDFLAGS_value=
ac_cv_env_LIBS_set=
ac_cv_env_LIBS_value=
ac_cv_env_build_alias_set=
ac_cv_env_build_alias_value=
ac_cv_env_host_alias_set=
ac_cv_env_host_alias_value=
ac_cv_env_target_alias_set=
ac_cv_env_target_alias_value=
ac_cv_func_asprintf=yes
ac_cv_func_malloc_0_nonnull=yes
ac_cv_func_pow=no
ac_cv_func_realloc_0_nonnull=yes
ac_cv_func_strdup=yes
ac_cv_header_dlfcn_h=yes
ac_cv_header_iconv_h=yes
ac_cv_header_inttypes_h=yes
ac_cv_header_memory_h=yes
ac_cv_header_stdc=yes
ac_cv_header_stdint_h=yes
ac_cv_header_stdlib_h=yes
ac_cv_header_string_h=yes
ac_cv_header_strings_h=yes
ac_cv_header_sys_stat_h=yes
ac_cv_header_sys_types_h=yes
ac_cv_header_unistd_h=yes
ac_cv_header_wchar_h=yes
ac_cv_host=x86_64-unknown-linux-gnu
ac_cv_objext=o
ac_cv_path_EGREP='/usr/bin/grep -E'
ac_cv_path_FGREP='/usr/bin/grep -F'
ac_cv_path_GREP=/usr/bin/grep
ac_cv_path_PKG_CONFIG=/usr/bin/pkg-config
ac_cv_path_SED=/usr/bin/sed
ac_cv_path_install='/usr/bin/install -c'
ac_cv_path_mkdir=/usr/bin/mkdir
ac_cv_prog_AWK=gawk
ac_cv_prog_CPP='gcc -E'
ac_cv_prog_CXXCPP='g++ -E'
ac_cv_prog_ac_ct_AR=ar
ac_cv_prog_ac_ct_CC=gcc
ac_cv_prog_ac_ct_CXX=g++
ac_cv_prog_ac_ct_OBJDUMP=objdump
ac_cv_prog_ac_ct_RANLIB=ranlib
ac_cv_prog_ac_ct_STRIP=strip
ac_cv_prog_cc_c89=
ac_cv_prog_cc_c99=-std=gnu99
ac_cv_prog_cc_g=yes
ac_cv_prog_cxx_g=yes
ac_cv_prog_make_make_set=yes
ac_cv_type_size_t=yes
am_cv_CC_dependencies_compiler_type=gcc3
am_cv_CXX_dependencies_compiler_type=gcc3
am_cv_make_support_nested_variables=yes
lt_cv_archive_cmds_need_lc=no
lt_cv_deplibs_check_method=pass_all
lt_cv_file_magic_cmd='$MAGIC_CMD'
lt_cv_file_magic_test_file=
lt_cv_ld_reload_flag=-r
lt_cv_nm_interface='BSD nm'
lt_cv_objdir=.libs
lt_cv_path_LD=/usr/bin/ld
lt_cv_path_LDCXX='/usr/bin/ld -m elf_x86_64'
lt_cv_path_NM='/usr/bin/nm -B'
lt_cv_prog_compiler_c_o=yes
lt_cv_prog_compiler_c_o_CXX=yes
lt_cv_prog_compiler_pic_works=yes
lt_cv_prog_compiler_pic_works_CXX=yes
lt_cv_prog_compiler_rtti_exceptions=no
lt_cv_prog_compiler_static_works=no
lt_cv_prog_compiler_static_works_CXX=no
lt_cv_prog_gnu_ld=yes
lt_cv_prog_gnu_ldcxx=yes
lt_cv_shlibpath_overrides_runpath=no
lt_cv_sys_global_symbol_pipe='sed -n -e '\''s/^.*[	 ]\([ABCDGIRSTW][ABCDGIRSTW]*\)[	 ][	 ]*\([_A-Za-z][_A-Za-z0-9]*\)$/\1 \2 \2/p'\'''
lt_cv_sys_global_symbol_to_c_name_address='sed -n -e '\''s/^: \([^ ]*\) $/  {\"\1\", (void *) 0},/p'\'' -e '\''s/^[ABCDGIRSTW]* \([^ ]*\) \([^ ]*\)$/  {"\2", (void *) \&\2},/p'\'''
lt_cv_sys_global_symbol_to_c_name_address_lib_prefix='sed -n -e '\''s/^: \([^ ]*\) $/  {\"\1\", (void *) 0},/p'\'' -e '\''s/^[ABCDGIRSTW]* \([^ ]*\) \(lib[^ ]*\)$/  {"\2", (void *) \&\2},/p'\'' -e '\''s/^[ABCDGIRSTW]* \([^ ]*\) \([^ ]*\)$/  {"lib\2", (void *) \&\2},/p'\'''
lt_cv_sys_global_symbol_to_cdecl='sed -n -e '\''s/^T .* \(.*\)$/extern int \1();/p'\'' -e '\''s/^[ABCDGIRSTW]* .* \(.*\)$/extern char \1;/p'\'''
lt_cv_sys_max_cmd_len=1572864

## ----------------- ##
## Output variables. ##
## ----------------- ##

ACLOCAL='${SHELL} /home/xiang/project/xlsx2/libxls/missing aclocal-1.13'
AMDEPBACKSLASH='\'
AMDEP_FALSE='#'
AMDEP_TRUE=''
AMTAR='$${TAR-tar}'
AM_BACKSLASH='\'
AM_DEFAULT_V='$(AM_DEFAULT_VERBOSITY)'
AM_DEFAULT_VERBOSITY='1'
AM_V='$(V)'
AR='ar'
AUTOCONF='${SHELL} /home/xiang/project/xlsx2/libxls/missing autoconf'
AUTOHEADER='${SHELL} /home/xiang/project/xlsx2/libxls/missing autoheader'
AUTOMAKE='${SHELL} /home/xiang/project/xlsx2/libxls/missing automake-1.13'
AWK='gawk'
CC='gcc -std=gnu99'
CCDEPMODE='depmode=gcc3'
CFLAGS='-g -O2'
CPP='gcc -E'
CPPFLAGS=''
CXX='g++'
CXXCPP='g++ -E'
CXXDEPMODE='depmode=gcc3'
CXXFLAGS='-g -O2'
CYGPATH_W='echo'
DEFS='-DHAVE_CONFIG_H'
DEPDIR='.deps'
DSYMUTIL=''
DUMPBIN=''
ECHO_C=''
ECHO_N='-n'
ECHO_T=''
EGREP='/usr/bin/grep -E'
EXEEXT=''
FGREP='/usr/bin/grep -F'
GREP='/usr/bin/grep'
INSTALL_DATA='${INSTALL} -m 644'
INSTALL_PROGRAM='${INSTALL}'
INSTALL_SCRIPT='${INSTALL}'
INSTALL_STRIP_PROGRAM='$(install_sh) -c -s'
LD='/usr/bin/ld -m elf_x86_64'
LDFLAGS=''
LIBOBJS=''
LIBS=''
LIBTOOL='$(SHELL) $(top_builddir)/libtool'
LIBTOOL_DEPS='./ltmain.sh'
LIBXLS_LIBS=' '
LIBXLS_MAJOR_VERSION='1'
LIBXLS_MICRO_VERSION='1'
LIBXLS_MINOR_VERSION='2'
LIPO=''
LN_S='ln -s'
LTLIBOBJS=''
MAKEINFO='${SHELL} /home/xiang/project/xlsx2/libxls/missing makeinfo'
MKDIR_P='/usr/bin/mkdir -p'
NM='/usr/bin/nm -B'
NMEDIT=''
OBJDUMP='objdump'
OBJEXT='o'
OTOOL64=''
OTOOL=''
PACKAGE='libxls'
PACKAGE_BUGREPORT='dhoerl@users.sourceforge.net'
PACKAGE_NAME='libxls'
PACKAGE_STRING='libxls 1.4.0'
PACKAGE_TARNAME='libxls'
PACKAGE_URL=''
PACKAGE_VERSION='1.4.0'
PATH_SEPARATOR=':'
PKG_CONFIG='/usr/bin/pkg-config'
RANLIB='ranlib'
SED='/usr/bin/sed'
SET_MAKE=''
SHELL='/bin/sh'
STRIP='strip'
VERSION='1.2.1'
VERSION_INFO='3:1:2'
WITH_ICONV='1'
ac_ct_CC='gcc'
ac_ct_CXX='g++'
ac_ct_DUMPBIN=''
am__EXEEXT_FALSE=''
am__EXEEXT_TRUE='#'
am__fastdepCC_FALSE='#'
am__fastdepCC_TRUE=''
am__fastdepCXX_FALSE='#'
am__fastdepCXX_TRUE=''
am__include='include'
am__isrc=''
am__leading_dot='.'
am__nodep='_no'
am__quote=''
am__tar='$${TAR-tar} chof - "$$tardir"'
am__untar='$${TAR-tar} xf -'
bindir='${exec_prefix}/bin'
build='x86_64-unknown-linux-gnu'
build_alias=''
build_cpu='x86_64'
build_os='linux-gnu'
build_vendor='unknown'
datadir='${datarootdir}'
datarootdir='${prefix}/share'
docdir='${datarootdir}/doc/${PACKAGE_TARNAME}'
dvidir='${docdir}'
exec_prefix='${prefix}'
host='x86_64-unknown-linux-gnu'
host_alias=''
host_cpu='x86_64'
host_os='linux-gnu'
host_vendor='unknown'
htmldir='${docdir}'
includedir='${prefix}/include'
infodir='${datarootdir}/info'
install_sh='${SHELL} /home/xiang/project/xlsx2/libxls/install-sh'
libdir='${exec_prefix}/lib'
libexecdir='${exec_prefix}/libexec'
localedir='${datarootdir}/locale'
localstatedir='${prefix}/var'
mandir='${datarootdir}/man'
mkdir_p='$(MKDIR_P)'
oldincludedir='/usr/include'
pdfdir='${docdir}'
prefix='/usr/local/libxls'
program_transform_name='s,x,x,'
psdir='${docdir}'
sbindir='${exec_prefix}/sbin'
sharedstatedir='${prefix}/com'
sysconfdir='${prefix}/etc'
target_alias=''

## ----------- ##
## confdefs.h. ##
## ----------- ##

/* confdefs.h */
#define PACKAGE_NAME "libxls"
#define PACKAGE_TARNAME "libxls"
#define PACKAGE_VERSION "1.4.0"
#define PACKAGE_STRING "libxls 1.4.0"
#define PACKAGE_BUGREPORT "dhoerl@users.sourceforge.net"
#define PACKAGE_URL ""
#define LIBXLS_MAJOR_VERSION 1
#define LIBXLS_MINOR_VERSION 2
#define LIBXLS_MICRO_VERSION 1
#define PACKAGE "libxls"
#define VERSION "1.2.1"
#define STDC_HEADERS 1
#define HAVE_SYS_TYPES_H 1
#define HAVE_SYS_STAT_H 1
#define HAVE_STDLIB_H 1
#define HAVE_STRING_H 1
#define HAVE_MEMORY_H 1
#define HAVE_STRINGS_H 1
#define HAVE_INTTYPES_H 1
#define HAVE_STDINT_H 1
#define HAVE_UNISTD_H 1
#define HAVE_DLFCN_H 1
#define LT_OBJDIR ".libs/"
#define HAVE_STRDUP 1
#define HAVE_ASPRINTF 1
#define HAVE_WCHAR_H 1
#define HAVE_STDLIB_H 1
#define HAVE_MALLOC 1
#define HAVE_STDLIB_H 1
#define HAVE_REALLOC 1
#define NDEBUG 1
#define HAVE_ICONV 1

configure: exit 0
